-------------------------------------------------------------------------------
Test set: runners.RunnerClass
-------------------------------------------------------------------------------
Tests run: 2, Failures: 1, Errors: 0, Skipped: 0, Time elapsed: 14.36 s <<< FAILURE! - in runners.RunnerClass
Validation of login scenarios.ESS login  Time elapsed: 5.812 s  <<< FAILURE!
java.lang.AssertionError

